Configuring and building Thirdparty/DBoW2 ...
mkdir: cannot create directory ‘build’: File exists
-- Configuring done
-- Generating done
-- Build files have been written to: /home/kanishk/ros_ws/ORB_SLAM3/Thirdparty/DBoW2/build
[100%] Built target DBoW2
Configuring and building Thirdparty/g2o ...
mkdir: cannot create directory ‘build’: File exists
-- BUILD TYPE:Release
-- Compiling on Unix
CMake Warning (dev) at /usr/share/cmake-3.10/Modules/FindOpenMP.cmake:310 (if):
  if given arguments:

    "TRUE"

  An argument named "TRUE" appears in a conditional statement.  Policy
  CMP0012 is not set: if() recognizes numbers and boolean constants.  Run
  "cmake --help-policy CMP0012" for policy details.  Use the cmake_policy
  command to set the policy and suppress this warning.
Call Stack (most recent call first):
  /usr/share/cmake-3.10/Modules/FindOpenMP.cmake:425 (_OPENMP_GET_SPEC_DATE)
  CMakeLists.txt:47 (FIND_PACKAGE)
This warning is for project developers.  Use -Wno-dev to suppress it.

CMake Warning (dev) at /usr/share/cmake-3.10/Modules/FindOpenMP.cmake:310 (if):
  if given arguments:

    "TRUE"

  An argument named "TRUE" appears in a conditional statement.  Policy
  CMP0012 is not set: if() recognizes numbers and boolean constants.  Run
  "cmake --help-policy CMP0012" for policy details.  Use the cmake_policy
  command to set the policy and suppress this warning.
Call Stack (most recent call first):
  /usr/share/cmake-3.10/Modules/FindOpenMP.cmake:425 (_OPENMP_GET_SPEC_DATE)
  CMakeLists.txt:47 (FIND_PACKAGE)
This warning is for project developers.  Use -Wno-dev to suppress it.

-- Configuring done
-- Generating done
-- Build files have been written to: /home/kanishk/ros_ws/ORB_SLAM3/Thirdparty/g2o/build
[100%] Built target g2o
Uncompress vocabulary ...
Configuring and building ORB_SLAM3 ...
mkdir: cannot create directory ‘build’: File exists
Build type: Release
-- Using flag -std=c++11.
CMake Warning at CMakeLists.txt:36 (find_package):
  Could not find a configuration file for package "OpenCV" that is compatible
  with requested version "4.0".

  The following configuration files were considered but not accepted:

    /usr/share/OpenCV/OpenCVConfig.cmake, version: 3.2.0



OPENCV VERSION:
3.2.0
CMake Warning at CMakeLists.txt:49 (find_package):
  By not providing "Findrealsense2.cmake" in CMAKE_MODULE_PATH this project
  has asked CMake to find a package configuration file provided by
  "realsense2", but CMake did not find one.

  Could not find a package configuration file provided by "realsense2" with
  any of the following names:

    realsense2Config.cmake
    realsense2-config.cmake

  Add the installation prefix of "realsense2" to CMAKE_PREFIX_PATH or set
  "realsense2_DIR" to a directory containing one of the above files.  If
  "realsense2" provides a separate development package or SDK, be sure it has
  been installed.


-- BUILD TYPE:Release
-- Compiling on Unix
CMake Warning (dev) at /usr/share/cmake-3.10/Modules/FindOpenMP.cmake:310 (if):
  if given arguments:

    "TRUE"

  An argument named "TRUE" appears in a conditional statement.  Policy
  CMP0012 is not set: if() recognizes numbers and boolean constants.  Run
  "cmake --help-policy CMP0012" for policy details.  Use the cmake_policy
  command to set the policy and suppress this warning.
Call Stack (most recent call first):
  /usr/share/cmake-3.10/Modules/FindOpenMP.cmake:425 (_OPENMP_GET_SPEC_DATE)
  Thirdparty/g2o/CMakeLists.txt:47 (FIND_PACKAGE)
This warning is for project developers.  Use -Wno-dev to suppress it.

CMake Warning (dev) at /usr/share/cmake-3.10/Modules/FindOpenMP.cmake:310 (if):
  if given arguments:

    "TRUE"

  An argument named "TRUE" appears in a conditional statement.  Policy
  CMP0012 is not set: if() recognizes numbers and boolean constants.  Run
  "cmake --help-policy CMP0012" for policy details.  Use the cmake_policy
  command to set the policy and suppress this warning.
Call Stack (most recent call first):
  /usr/share/cmake-3.10/Modules/FindOpenMP.cmake:425 (_OPENMP_GET_SPEC_DATE)
  Thirdparty/g2o/CMakeLists.txt:47 (FIND_PACKAGE)
This warning is for project developers.  Use -Wno-dev to suppress it.

-- Configuring done
-- Generating done
-- Build files have been written to: /home/kanishk/ros_ws/ORB_SLAM3/build
[  1%] Building CXX object CMakeFiles/ORB_SLAM3.dir/src/CameraModels/KannalaBrandt8.cpp.o
In file included from /usr/local/include/eigen3/Eigen/Core:326:0,
                 from /usr/local/include/eigen3/Eigen/Geometry:4,
                 from /home/kanishk/ros_ws/ORB_SLAM3/include/CameraModels/GeometricCamera.h:34,
                 from /home/kanishk/ros_ws/ORB_SLAM3/include/CameraModels/KannalaBrandt8.h:31,
                 from /home/kanishk/ros_ws/ORB_SLAM3/src/CameraModels/KannalaBrandt8.cpp:19:
/usr/local/include/eigen3/Eigen/src/Core/products/GeneralBlockPanelKernel.h: In member function ‘void Eigen::internal::gebp_kernel<LhsScalar, RhsScalar, Index, mr, nr, ConjugateLhs, ConjugateRhs>::operator()(Eigen::internal::gebp_kernel<LhsScalar, RhsScalar, Index, mr, nr, ConjugateLhs, ConjugateRhs>::ResScalar*, Index, const LhsScalar*, const RhsScalar*, Index, Index, Index, Eigen::internal::gebp_kernel<LhsScalar, RhsScalar, Index, mr, nr, ConjugateLhs, ConjugateRhs>::ResScalar, Index, Index, Index, Index, RhsScalar*)’:
/usr/local/include/eigen3/Eigen/src/Core/products/GeneralBlockPanelKernel.h:574:9: warning: this ‘if’ clause does not guard... [-Wmisleading-indentation]
         if(nr==4) traits.initAcc(C3);
         ^~
/usr/local/include/eigen3/Eigen/src/Core/products/GeneralBlockPanelKernel.h:575:19: note: ...this statement, but the latter is misleadingly indented as if it were guarded by the ‘if’
                   traits.initAcc(C4);
                   ^~~~~~
/usr/local/include/eigen3/Eigen/src/Core/products/GeneralBlockPanelKernel.h:946:9: warning: this ‘if’ clause does not guard... [-Wmisleading-indentation]
         if(nr==4) R3 = ploadu<ResPacket>(r3);
         ^~
/usr/local/include/eigen3/Eigen/src/Core/products/GeneralBlockPanelKernel.h:948:19: note: ...this statement, but the latter is misleadingly indented as if it were guarded by the ‘if’
                   traits.acc(C0, alphav, R0);
                   ^~~~~~
/usr/local/include/eigen3/Eigen/src/Core/products/GeneralBlockPanelKernel.h:951:9: warning: this ‘if’ clause does not guard... [-Wmisleading-indentation]
         if(nr==4) traits.acc(C3, alphav, R3);
         ^~
/usr/local/include/eigen3/Eigen/src/Core/products/GeneralBlockPanelKernel.h:953:19: note: ...this statement, but the latter is misleadingly indented as if it were guarded by the ‘if’
                   pstoreu(r0, R0);
                   ^~~~~~~
In file included from /home/kanishk/ros_ws/ORB_SLAM3/src/CameraModels/KannalaBrandt8.cpp:19:0:
/home/kanishk/ros_ws/ORB_SLAM3/include/CameraModels/KannalaBrandt8.h: In constructor ‘ORB_SLAM3::KannalaBrandt8::KannalaBrandt8(std::vector<float>)’:
/home/kanishk/ros_ws/ORB_SLAM3/include/CameraModels/KannalaBrandt8.h:102:21: warning: ‘ORB_SLAM3::KannalaBrandt8::precision’ will be initialized after [-Wreorder]
         const float precision;
                     ^~~~~~~~~
/home/kanishk/ros_ws/ORB_SLAM3/include/CameraModels/KannalaBrandt8.h:92:26: warning:   ‘std::vector<int> ORB_SLAM3::KannalaBrandt8::mvLappingArea’ [-Wreorder]
         std::vector<int> mvLappingArea;
                          ^~~~~~~~~~~~~
In file included from /home/kanishk/ros_ws/ORB_SLAM3/src/CameraModels/KannalaBrandt8.cpp:19:0:
/home/kanishk/ros_ws/ORB_SLAM3/include/CameraModels/KannalaBrandt8.h:44:9: warning:   when initialized here [-Wreorder]
         KannalaBrandt8(const std::vector<float> _vParameters) : GeometricCamera(_vParameters), precision(1e-6), mvLappingArea(2,0) ,tvr(nullptr) {
         ^~~~~~~~~~~~~~
In file included from /home/kanishk/ros_ws/ORB_SLAM3/src/CameraModels/KannalaBrandt8.cpp:19:0:
/home/kanishk/ros_ws/ORB_SLAM3/include/CameraModels/KannalaBrandt8.h: In constructor ‘ORB_SLAM3::KannalaBrandt8::KannalaBrandt8(std::vector<float>, float)’:
/home/kanishk/ros_ws/ORB_SLAM3/include/CameraModels/KannalaBrandt8.h:102:21: warning: ‘ORB_SLAM3::KannalaBrandt8::precision’ will be initialized after [-Wreorder]
         const float precision;
                     ^~~~~~~~~
/home/kanishk/ros_ws/ORB_SLAM3/include/CameraModels/KannalaBrandt8.h:92:26: warning:   ‘std::vector<int> ORB_SLAM3::KannalaBrandt8::mvLappingArea’ [-Wreorder]
         std::vector<int> mvLappingArea;
                          ^~~~~~~~~~~~~
/home/kanishk/ros_ws/ORB_SLAM3/include/CameraModels/KannalaBrandt8.h:50:9: warning:   when initialized here [-Wreorder]
         KannalaBrandt8(const std::vector<float> _vParameters, const float _precision) : GeometricCamera(_vParameters),
         ^~~~~~~~~~~~~~
/home/kanishk/ros_ws/ORB_SLAM3/include/CameraModels/KannalaBrandt8.h: In constructor ‘ORB_SLAM3::KannalaBrandt8::KannalaBrandt8(ORB_SLAM3::KannalaBrandt8*)’:
/home/kanishk/ros_ws/ORB_SLAM3/include/CameraModels/KannalaBrandt8.h:102:21: warning: ‘ORB_SLAM3::KannalaBrandt8::precision’ will be initialized after [-Wreorder]
         const float precision;
                     ^~~~~~~~~
/home/kanishk/ros_ws/ORB_SLAM3/include/CameraModels/KannalaBrandt8.h:92:26: warning:   ‘std::vector<int> ORB_SLAM3::KannalaBrandt8::mvLappingArea’ [-Wreorder]
         std::vector<int> mvLappingArea;
                          ^~~~~~~~~~~~~
/home/kanishk/ros_ws/ORB_SLAM3/include/CameraModels/KannalaBrandt8.h:56:9: warning:   when initialized here [-Wreorder]
         KannalaBrandt8(KannalaBrandt8* pKannala) : GeometricCamera(pKannala->mvParameters), precision(pKannala->precision), mvLappingArea(2,0) ,tvr(nullptr) {
         ^~~~~~~~~~~~~~
/home/kanishk/ros_ws/ORB_SLAM3/src/CameraModels/KannalaBrandt8.cpp: In member function ‘void ORB_SLAM3::KannalaBrandt8::Triangulate_(const Point2f&, const Point2f&, const Matx44f&, const Matx44f&, cv::Matx31f&)’:
/home/kanishk/ros_ws/ORB_SLAM3/src/CameraModels/KannalaBrandt8.cpp:534:41: error: no match for ‘operator/’ (operand types are ‘cv::Matx<float, 3, 1>’ and ‘float’)
         x3D = x3D_h.get_minor<3,1>(0,0) / x3D_h(3);
               ~~~~~~~~~~~~~~~~~~~~~~~~~~^~~~~~~~~~
In file included from /usr/include/opencv2/core.hpp:59:0,
                 from /usr/include/opencv2/core/core.hpp:48,
                 from /home/kanishk/ros_ws/ORB_SLAM3/include/CameraModels/KannalaBrandt8.h:25,
                 from /home/kanishk/ros_ws/ORB_SLAM3/src/CameraModels/KannalaBrandt8.cpp:19:
/usr/include/opencv2/core/mat.hpp:3448:20: note: candidate: cv::MatExpr cv::operator/(const cv::MatExpr&, const cv::MatExpr&)
 CV_EXPORTS MatExpr operator / (const MatExpr& e1, const MatExpr& e2);
                    ^~~~~~~~
/usr/include/opencv2/core/mat.hpp:3448:20: note:   no known conversion for argument 1 from ‘cv::Matx<float, 3, 1>’ to ‘const cv::MatExpr&’
/usr/include/opencv2/core/mat.hpp:3447:20: note: candidate: cv::MatExpr cv::operator/(double, const cv::MatExpr&)
 CV_EXPORTS MatExpr operator / (double s, const MatExpr& e);
                    ^~~~~~~~
/usr/include/opencv2/core/mat.hpp:3447:20: note:   no known conversion for argument 1 from ‘cv::Matx<float, 3, 1>’ to ‘double’
/usr/include/opencv2/core/mat.hpp:3446:20: note: candidate: cv::MatExpr cv::operator/(const cv::MatExpr&, double)
 CV_EXPORTS MatExpr operator / (const MatExpr& e, double s);
                    ^~~~~~~~
/usr/include/opencv2/core/mat.hpp:3446:20: note:   no known conversion for argument 1 from ‘cv::Matx<float, 3, 1>’ to ‘const cv::MatExpr&’
/usr/include/opencv2/core/mat.hpp:3445:20: note: candidate: cv::MatExpr cv::operator/(const cv::Mat&, const cv::MatExpr&)
 CV_EXPORTS MatExpr operator / (const Mat& m, const MatExpr& e);
                    ^~~~~~~~
/usr/include/opencv2/core/mat.hpp:3445:20: note:   no known conversion for argument 1 from ‘cv::Matx<float, 3, 1>’ to ‘const cv::Mat&’
/usr/include/opencv2/core/mat.hpp:3444:20: note: candidate: cv::MatExpr cv::operator/(const cv::MatExpr&, const cv::Mat&)
 CV_EXPORTS MatExpr operator / (const MatExpr& e, const Mat& m);
                    ^~~~~~~~
/usr/include/opencv2/core/mat.hpp:3444:20: note:   no known conversion for argument 1 from ‘cv::Matx<float, 3, 1>’ to ‘const cv::MatExpr&’
/usr/include/opencv2/core/mat.hpp:3443:20: note: candidate: cv::MatExpr cv::operator/(double, const cv::Mat&)
 CV_EXPORTS MatExpr operator / (double s, const Mat& a);
                    ^~~~~~~~
/usr/include/opencv2/core/mat.hpp:3443:20: note:   no known conversion for argument 1 from ‘cv::Matx<float, 3, 1>’ to ‘double’
/usr/include/opencv2/core/mat.hpp:3442:20: note: candidate: cv::MatExpr cv::operator/(const cv::Mat&, double)
 CV_EXPORTS MatExpr operator / (const Mat& a, double s);
                    ^~~~~~~~
/usr/include/opencv2/core/mat.hpp:3442:20: note:   no known conversion for argument 1 from ‘cv::Matx<float, 3, 1>’ to ‘const cv::Mat&’
/usr/include/opencv2/core/mat.hpp:3441:20: note: candidate: cv::MatExpr cv::operator/(const cv::Mat&, const cv::Mat&)
 CV_EXPORTS MatExpr operator / (const Mat& a, const Mat& b);
                    ^~~~~~~~
/usr/include/opencv2/core/mat.hpp:3441:20: note:   no known conversion for argument 1 from ‘cv::Matx<float, 3, 1>’ to ‘const cv::Mat&’
In file included from /usr/include/opencv2/core.hpp:58:0,
                 from /usr/include/opencv2/core/core.hpp:48,
                 from /home/kanishk/ros_ws/ORB_SLAM3/include/CameraModels/KannalaBrandt8.h:25,
                 from /home/kanishk/ros_ws/ORB_SLAM3/src/CameraModels/KannalaBrandt8.cpp:19:
/usr/include/opencv2/core/types.hpp:2184:14: note: candidate: template<class _Tp> cv::Scalar_<_Tp> cv::operator/(const cv::Scalar_<_Tp>&, const cv::Scalar_<_Tp>&)
 Scalar_<_Tp> operator / (const Scalar_<_Tp>& a, const Scalar_<_Tp>& b)
              ^~~~~~~~
/usr/include/opencv2/core/types.hpp:2184:14: note:   template argument deduction/substitution failed:
/home/kanishk/ros_ws/ORB_SLAM3/src/CameraModels/KannalaBrandt8.cpp:534:50: note:   ‘cv::Matx<float, 3, 1>’ is not derived from ‘const cv::Scalar_<_Tp>’
         x3D = x3D_h.get_minor<3,1>(0,0) / x3D_h(3);
                                                  ^
In file included from /usr/include/opencv2/core.hpp:58:0,
                 from /usr/include/opencv2/core/core.hpp:48,
                 from /home/kanishk/ros_ws/ORB_SLAM3/include/CameraModels/KannalaBrandt8.h:25,
                 from /home/kanishk/ros_ws/ORB_SLAM3/src/CameraModels/KannalaBrandt8.cpp:19:
/usr/include/opencv2/core/types.hpp:2177:14: note: candidate: template<class _Tp> cv::Scalar_<_Tp> cv::operator/(_Tp, const cv::Scalar_<_Tp>&)
 Scalar_<_Tp> operator / (_Tp a, const Scalar_<_Tp>& b)
              ^~~~~~~~
/usr/include/opencv2/core/types.hpp:2177:14: note:   template argument deduction/substitution failed:
/home/kanishk/ros_ws/ORB_SLAM3/src/CameraModels/KannalaBrandt8.cpp:534:50: note:   mismatched types ‘const cv::Scalar_<_Tp>’ and ‘float’
         x3D = x3D_h.get_minor<3,1>(0,0) / x3D_h(3);
                                                  ^
In file included from /usr/include/opencv2/core.hpp:58:0,
                 from /usr/include/opencv2/core/core.hpp:48,
                 from /home/kanishk/ros_ws/ORB_SLAM3/include/CameraModels/KannalaBrandt8.h:25,
                 from /home/kanishk/ros_ws/ORB_SLAM3/src/CameraModels/KannalaBrandt8.cpp:19:
/usr/include/opencv2/core/types.hpp:2163:17: note: candidate: template<class _Tp> cv::Scalar_<double> cv::operator/(const cv::Scalar_<double>&, double)
 Scalar_<double> operator / (const Scalar_<double>& a, double alpha)
                 ^~~~~~~~
/usr/include/opencv2/core/types.hpp:2163:17: note:   template argument deduction/substitution failed:
/home/kanishk/ros_ws/ORB_SLAM3/src/CameraModels/KannalaBrandt8.cpp:534:50: note:   couldn't deduce template parameter ‘_Tp’
         x3D = x3D_h.get_minor<3,1>(0,0) / x3D_h(3);
                                                  ^
In file included from /usr/include/opencv2/core.hpp:58:0,
                 from /usr/include/opencv2/core/core.hpp:48,
                 from /home/kanishk/ros_ws/ORB_SLAM3/include/CameraModels/KannalaBrandt8.h:25,
                 from /home/kanishk/ros_ws/ORB_SLAM3/src/CameraModels/KannalaBrandt8.cpp:19:
/usr/include/opencv2/core/types.hpp:2156:16: note: candidate: template<class _Tp> cv::Scalar_<float> cv::operator/(const cv::Scalar_<float>&, float)
 Scalar_<float> operator / (const Scalar_<float>& a, float alpha)
                ^~~~~~~~
/usr/include/opencv2/core/types.hpp:2156:16: note:   template argument deduction/substitution failed:
/home/kanishk/ros_ws/ORB_SLAM3/src/CameraModels/KannalaBrandt8.cpp:534:50: note:   couldn't deduce template parameter ‘_Tp’
         x3D = x3D_h.get_minor<3,1>(0,0) / x3D_h(3);
                                                  ^
In file included from /usr/include/opencv2/core.hpp:58:0,
                 from /usr/include/opencv2/core/core.hpp:48,
                 from /home/kanishk/ros_ws/ORB_SLAM3/include/CameraModels/KannalaBrandt8.h:25,
                 from /home/kanishk/ros_ws/ORB_SLAM3/src/CameraModels/KannalaBrandt8.cpp:19:
/usr/include/opencv2/core/types.hpp:2147:14: note: candidate: template<class _Tp> cv::Scalar_<_Tp> cv::operator/(const cv::Scalar_<_Tp>&, _Tp)
 Scalar_<_Tp> operator / (const Scalar_<_Tp>& a, _Tp alpha)
              ^~~~~~~~
/usr/include/opencv2/core/types.hpp:2147:14: note:   template argument deduction/substitution failed:
/home/kanishk/ros_ws/ORB_SLAM3/src/CameraModels/KannalaBrandt8.cpp:534:50: note:   ‘cv::Matx<float, 3, 1>’ is not derived from ‘const cv::Scalar_<_Tp>’
         x3D = x3D_h.get_minor<3,1>(0,0) / x3D_h(3);
                                                  ^
In file included from /usr/include/opencv2/core.hpp:58:0,
                 from /usr/include/opencv2/core/core.hpp:48,
                 from /home/kanishk/ros_ws/ORB_SLAM3/include/CameraModels/KannalaBrandt8.h:25,
                 from /home/kanishk/ros_ws/ORB_SLAM3/src/CameraModels/KannalaBrandt8.cpp:19:
/usr/include/opencv2/core/types.hpp:1623:12: note: candidate: template<class _Tp> cv::Size_<_Tp> cv::operator/(const cv::Size_<_Tp>&, _Tp)
 Size_<_Tp> operator / (const Size_<_Tp>& a, _Tp b)
            ^~~~~~~~
/usr/include/opencv2/core/types.hpp:1623:12: note:   template argument deduction/substitution failed:
/home/kanishk/ros_ws/ORB_SLAM3/src/CameraModels/KannalaBrandt8.cpp:534:50: note:   ‘cv::Matx<float, 3, 1>’ is not derived from ‘const cv::Size_<_Tp>’
         x3D = x3D_h.get_minor<3,1>(0,0) / x3D_h(3);
                                                  ^
In file included from /usr/include/opencv2/core.hpp:58:0,
                 from /usr/include/opencv2/core/core.hpp:48,
                 from /home/kanishk/ros_ws/ORB_SLAM3/include/CameraModels/KannalaBrandt8.h:25,
                 from /home/kanishk/ros_ws/ORB_SLAM3/src/CameraModels/KannalaBrandt8.cpp:19:
/usr/include/opencv2/core/types.hpp:1552:14: note: candidate: template<class _Tp> cv::Point3_<_Tp> cv::operator/(const cv::Point3_<_Tp>&, double)
 Point3_<_Tp> operator / (const Point3_<_Tp>& a, double b)
              ^~~~~~~~
/usr/include/opencv2/core/types.hpp:1552:14: note:   template argument deduction/substitution failed:
/home/kanishk/ros_ws/ORB_SLAM3/src/CameraModels/KannalaBrandt8.cpp:534:50: note:   ‘cv::Matx<float, 3, 1>’ is not derived from ‘const cv::Point3_<_Tp>’
         x3D = x3D_h.get_minor<3,1>(0,0) / x3D_h(3);
                                                  ^
In file included from /usr/include/opencv2/core.hpp:58:0,
                 from /usr/include/opencv2/core/core.hpp:48,
                 from /home/kanishk/ros_ws/ORB_SLAM3/include/CameraModels/KannalaBrandt8.h:25,
                 from /home/kanishk/ros_ws/ORB_SLAM3/src/CameraModels/KannalaBrandt8.cpp:19:
/usr/include/opencv2/core/types.hpp:1544:14: note: candidate: template<class _Tp> cv::Point3_<_Tp> cv::operator/(const cv::Point3_<_Tp>&, float)
 Point3_<_Tp> operator / (const Point3_<_Tp>& a, float b)
              ^~~~~~~~
/usr/include/opencv2/core/types.hpp:1544:14: note:   template argument deduction/substitution failed:
/home/kanishk/ros_ws/ORB_SLAM3/src/CameraModels/KannalaBrandt8.cpp:534:50: note:   ‘cv::Matx<float, 3, 1>’ is not derived from ‘const cv::Point3_<_Tp>’
         x3D = x3D_h.get_minor<3,1>(0,0) / x3D_h(3);
                                                  ^
In file included from /usr/include/opencv2/core.hpp:58:0,
                 from /usr/include/opencv2/core/core.hpp:48,
                 from /home/kanishk/ros_ws/ORB_SLAM3/include/CameraModels/KannalaBrandt8.h:25,
                 from /home/kanishk/ros_ws/ORB_SLAM3/src/CameraModels/KannalaBrandt8.cpp:19:
/usr/include/opencv2/core/types.hpp:1536:14: note: candidate: template<class _Tp> cv::Point3_<_Tp> cv::operator/(const cv::Point3_<_Tp>&, int)
 Point3_<_Tp> operator / (const Point3_<_Tp>& a, int b)
              ^~~~~~~~
/usr/include/opencv2/core/types.hpp:1536:14: note:   template argument deduction/substitution failed:
/home/kanishk/ros_ws/ORB_SLAM3/src/CameraModels/KannalaBrandt8.cpp:534:50: note:   ‘cv::Matx<float, 3, 1>’ is not derived from ‘const cv::Point3_<_Tp>’
         x3D = x3D_h.get_minor<3,1>(0,0) / x3D_h(3);
                                                  ^
In file included from /usr/include/opencv2/core.hpp:58:0,
                 from /usr/include/opencv2/core/core.hpp:48,
                 from /home/kanishk/ros_ws/ORB_SLAM3/include/CameraModels/KannalaBrandt8.h:25,
                 from /home/kanishk/ros_ws/ORB_SLAM3/src/CameraModels/KannalaBrandt8.cpp:19:
/usr/include/opencv2/core/types.hpp:1301:13: note: candidate: template<class _Tp> cv::Point_<_Tp> cv::operator/(const cv::Point_<_Tp>&, double)
 Point_<_Tp> operator / (const Point_<_Tp>& a, double b)
             ^~~~~~~~
/usr/include/opencv2/core/types.hpp:1301:13: note:   template argument deduction/substitution failed:
/home/kanishk/ros_ws/ORB_SLAM3/src/CameraModels/KannalaBrandt8.cpp:534:50: note:   ‘cv::Matx<float, 3, 1>’ is not derived from ‘const cv::Point_<_Tp>’
         x3D = x3D_h.get_minor<3,1>(0,0) / x3D_h(3);
                                                  ^
In file included from /usr/include/opencv2/core.hpp:58:0,
                 from /usr/include/opencv2/core/core.hpp:48,
                 from /home/kanishk/ros_ws/ORB_SLAM3/include/CameraModels/KannalaBrandt8.h:25,
                 from /home/kanishk/ros_ws/ORB_SLAM3/src/CameraModels/KannalaBrandt8.cpp:19:
/usr/include/opencv2/core/types.hpp:1293:13: note: candidate: template<class _Tp> cv::Point_<_Tp> cv::operator/(const cv::Point_<_Tp>&, float)
 Point_<_Tp> operator / (const Point_<_Tp>& a, float b)
             ^~~~~~~~
/usr/include/opencv2/core/types.hpp:1293:13: note:   template argument deduction/substitution failed:
/home/kanishk/ros_ws/ORB_SLAM3/src/CameraModels/KannalaBrandt8.cpp:534:50: note:   ‘cv::Matx<float, 3, 1>’ is not derived from ‘const cv::Point_<_Tp>’
         x3D = x3D_h.get_minor<3,1>(0,0) / x3D_h(3);
                                                  ^
In file included from /usr/include/opencv2/core.hpp:58:0,
                 from /usr/include/opencv2/core/core.hpp:48,
                 from /home/kanishk/ros_ws/ORB_SLAM3/include/CameraModels/KannalaBrandt8.h:25,
                 from /home/kanishk/ros_ws/ORB_SLAM3/src/CameraModels/KannalaBrandt8.cpp:19:
/usr/include/opencv2/core/types.hpp:1285:13: note: candidate: template<class _Tp> cv::Point_<_Tp> cv::operator/(const cv::Point_<_Tp>&, int)
 Point_<_Tp> operator / (const Point_<_Tp>& a, int b)
             ^~~~~~~~
/usr/include/opencv2/core/types.hpp:1285:13: note:   template argument deduction/substitution failed:
/home/kanishk/ros_ws/ORB_SLAM3/src/CameraModels/KannalaBrandt8.cpp:534:50: note:   ‘cv::Matx<float, 3, 1>’ is not derived from ‘const cv::Point_<_Tp>’
         x3D = x3D_h.get_minor<3,1>(0,0) / x3D_h(3);
                                                  ^
In file included from /usr/include/opencv2/core.hpp:58:0,
                 from /usr/include/opencv2/core/core.hpp:48,
                 from /home/kanishk/ros_ws/ORB_SLAM3/include/CameraModels/KannalaBrandt8.h:25,
                 from /home/kanishk/ros_ws/ORB_SLAM3/src/CameraModels/KannalaBrandt8.cpp:19:
/usr/include/opencv2/core/types.hpp:1054:14: note: candidate: template<class _Tp> cv::Complex<_Tp> cv::operator/(_Tp, const cv::Complex<_Tp>&)
 Complex<_Tp> operator / (_Tp b, const Complex<_Tp>& a)
              ^~~~~~~~
/usr/include/opencv2/core/types.hpp:1054:14: note:   template argument deduction/substitution failed:
/home/kanishk/ros_ws/ORB_SLAM3/src/CameraModels/KannalaBrandt8.cpp:534:50: note:   mismatched types ‘const cv::Complex<_Tp>’ and ‘float’
         x3D = x3D_h.get_minor<3,1>(0,0) / x3D_h(3);
                                                  ^
In file included from /usr/include/opencv2/core.hpp:58:0,
                 from /usr/include/opencv2/core/core.hpp:48,
                 from /home/kanishk/ros_ws/ORB_SLAM3/include/CameraModels/KannalaBrandt8.h:25,
                 from /home/kanishk/ros_ws/ORB_SLAM3/src/CameraModels/KannalaBrandt8.cpp:19:
/usr/include/opencv2/core/types.hpp:1047:14: note: candidate: template<class _Tp> cv::Complex<_Tp> cv::operator/(const cv::Complex<_Tp>&, _Tp)
 Complex<_Tp> operator / (const Complex<_Tp>& a, _Tp b)
              ^~~~~~~~
/usr/include/opencv2/core/types.hpp:1047:14: note:   template argument deduction/substitution failed:
/home/kanishk/ros_ws/ORB_SLAM3/src/CameraModels/KannalaBrandt8.cpp:534:50: note:   ‘cv::Matx<float, 3, 1>’ is not derived from ‘const cv::Complex<_Tp>’
         x3D = x3D_h.get_minor<3,1>(0,0) / x3D_h(3);
                                                  ^
In file included from /usr/include/opencv2/core.hpp:58:0,
                 from /usr/include/opencv2/core/core.hpp:48,
                 from /home/kanishk/ros_ws/ORB_SLAM3/include/CameraModels/KannalaBrandt8.h:25,
                 from /home/kanishk/ros_ws/ORB_SLAM3/src/CameraModels/KannalaBrandt8.cpp:19:
/usr/include/opencv2/core/types.hpp:1033:14: note: candidate: template<class _Tp> cv::Complex<_Tp> cv::operator/(const cv::Complex<_Tp>&, const cv::Complex<_Tp>&)
 Complex<_Tp> operator / (const Complex<_Tp>& a, const Complex<_Tp>& b)
              ^~~~~~~~
/usr/include/opencv2/core/types.hpp:1033:14: note:   template argument deduction/substitution failed:
/home/kanishk/ros_ws/ORB_SLAM3/src/CameraModels/KannalaBrandt8.cpp:534:50: note:   ‘cv::Matx<float, 3, 1>’ is not derived from ‘const cv::Complex<_Tp>’
         x3D = x3D_h.get_minor<3,1>(0,0) / x3D_h(3);
                                                  ^
In file included from /usr/include/opencv2/core.hpp:57:0,
                 from /usr/include/opencv2/core/core.hpp:48,
                 from /home/kanishk/ros_ws/ORB_SLAM3/include/CameraModels/KannalaBrandt8.h:25,
                 from /home/kanishk/ros_ws/ORB_SLAM3/src/CameraModels/KannalaBrandt8.cpp:19:
/usr/include/opencv2/core/matx.hpp:1376:14: note: candidate: template<class _Tp, int cn> cv::Vec<_Tp, m> cv::operator/(const cv::Vec<_Tp, m>&, double)
 Vec<_Tp, cn> operator / (const Vec<_Tp, cn>& a, double alpha)
              ^~~~~~~~
/usr/include/opencv2/core/matx.hpp:1376:14: note:   template argument deduction/substitution failed:
/home/kanishk/ros_ws/ORB_SLAM3/src/CameraModels/KannalaBrandt8.cpp:534:50: note:   ‘cv::Matx<float, 3, 1>’ is not derived from ‘const cv::Vec<_Tp, m>’
         x3D = x3D_h.get_minor<3,1>(0,0) / x3D_h(3);
                                                  ^
In file included from /usr/include/opencv2/core.hpp:57:0,
                 from /usr/include/opencv2/core/core.hpp:48,
                 from /home/kanishk/ros_ws/ORB_SLAM3/include/CameraModels/KannalaBrandt8.h:25,
                 from /home/kanishk/ros_ws/ORB_SLAM3/src/CameraModels/KannalaBrandt8.cpp:19:
/usr/include/opencv2/core/matx.hpp:1370:14: note: candidate: template<class _Tp, int cn> cv::Vec<_Tp, m> cv::operator/(const cv::Vec<_Tp, m>&, float)
 Vec<_Tp, cn> operator / (const Vec<_Tp, cn>& a, float alpha)
              ^~~~~~~~
/usr/include/opencv2/core/matx.hpp:1370:14: note:   template argument deduction/substitution failed:
/home/kanishk/ros_ws/ORB_SLAM3/src/CameraModels/KannalaBrandt8.cpp:534:50: note:   ‘cv::Matx<float, 3, 1>’ is not derived from ‘const cv::Vec<_Tp, m>’
         x3D = x3D_h.get_minor<3,1>(0,0) / x3D_h(3);
                                                  ^
In file included from /usr/include/opencv2/core.hpp:57:0,
                 from /usr/include/opencv2/core/core.hpp:48,
                 from /home/kanishk/ros_ws/ORB_SLAM3/include/CameraModels/KannalaBrandt8.h:25,
                 from /home/kanishk/ros_ws/ORB_SLAM3/src/CameraModels/KannalaBrandt8.cpp:19:
/usr/include/opencv2/core/matx.hpp:1364:14: note: candidate: template<class _Tp, int cn> cv::Vec<_Tp, m> cv::operator/(const cv::Vec<_Tp, m>&, int)
 Vec<_Tp, cn> operator / (const Vec<_Tp, cn>& a, int alpha)
              ^~~~~~~~
/usr/include/opencv2/core/matx.hpp:1364:14: note:   template argument deduction/substitution failed:
/home/kanishk/ros_ws/ORB_SLAM3/src/CameraModels/KannalaBrandt8.cpp:534:50: note:   ‘cv::Matx<float, 3, 1>’ is not derived from ‘const cv::Vec<_Tp, m>’
         x3D = x3D_h.get_minor<3,1>(0,0) / x3D_h(3);
                                                  ^
In file included from /usr/local/include/eigen3/Eigen/Core:284:0,
                 from /usr/local/include/eigen3/Eigen/Geometry:4,
                 from /home/kanishk/ros_ws/ORB_SLAM3/include/CameraModels/GeometricCamera.h:34,
                 from /home/kanishk/ros_ws/ORB_SLAM3/include/CameraModels/KannalaBrandt8.h:31,
                 from /home/kanishk/ros_ws/ORB_SLAM3/src/CameraModels/KannalaBrandt8.cpp:19:
/usr/local/include/eigen3/Eigen/src/Core/Assign.h: In instantiation of ‘struct Eigen::internal::assign_traits<Eigen::Matrix<double, 2, 1>, Eigen::Matrix<double, 2, 1> >’:
/usr/local/include/eigen3/Eigen/src/Core/Assign.h:506:64:   required from ‘Derived& Eigen::DenseBase<Derived>::lazyAssign(const Eigen::DenseBase<OtherDerived>&) [with OtherDerived = Eigen::Matrix<double, 2, 1>; Derived = Eigen::Matrix<double, 2, 1>]’
/usr/local/include/eigen3/Eigen/src/Core/PlainObjectBase.h:414:30:   required from ‘Derived& Eigen::PlainObjectBase<Derived>::lazyAssign(const Eigen::DenseBase<OtherDerived>&) [with OtherDerived = Eigen::Matrix<double, 2, 1>; Derived = Eigen::Matrix<double, 2, 1>]’
/usr/local/include/eigen3/Eigen/src/Core/Assign.h:527:123:   required from ‘static Derived& Eigen::internal::assign_selector<Derived, OtherDerived, false, false>::run(Derived&, const OtherDerived&) [with Derived = Eigen::Matrix<double, 2, 1>; OtherDerived = Eigen::Matrix<double, 2, 1>]’
/usr/local/include/eigen3/Eigen/src/Core/PlainObjectBase.h:653:72:   required from ‘Derived& Eigen::PlainObjectBase<Derived>::_set_noalias(const Eigen::DenseBase<OtherDerived>&) [with OtherDerived = Eigen::Matrix<double, 2, 1>; Derived = Eigen::Matrix<double, 2, 1>]’
/usr/local/include/eigen3/Eigen/src/Core/Matrix.h:220:27:   required from ‘Eigen::Matrix<_Scalar, _Rows, _Cols, _Options, _MaxRows, _MaxCols>::Matrix(Eigen::Matrix<_Scalar, _Rows, _Cols, _Options, _MaxRows, _MaxCols>&&) [with _Scalar = double; int _Rows = 2; int _Cols = 1; int _Options = 0; int _MaxRows = 2; int _MaxCols = 1]’
/home/kanishk/ros_ws/ORB_SLAM3/src/CameraModels/KannalaBrandt8.cpp:70:16:   required from here
/usr/local/include/eigen3/Eigen/src/Core/Assign.h:53:57: warning: enum constant in boolean context [-Wint-in-bool-context]
     MayLinearVectorize = MightVectorize && MayLinearize && DstHasDirectAccess
                          ~~~~~~~~~~~~~~~~~~~~~~~~~~~~~~~^~~~~~~~~~~~~~~~~~~~~
/usr/local/include/eigen3/Eigen/src/Core/Assign.h:54:41: warning: enum constant in boolean context [-Wint-in-bool-context]
                        && (DstIsAligned || MaxSizeAtCompileTime == Dynamic),
                           ~~~~~~~~~~~~~~^~~~~~~~~~~~~~~~~~~~~~~~~~~~~~~~~~~
/usr/local/include/eigen3/Eigen/src/Core/Assign.h:57:41: warning: enum constant in boolean context [-Wint-in-bool-context]
     MaySliceVectorize  = MightVectorize && DstHasDirectAccess
                          ~~~~~~~~~~~~~~~^~~~~~~~~~~~~~~~~~~~~
/usr/local/include/eigen3/Eigen/src/Core/Assign.h:96:50: warning: enum constant in boolean context [-Wint-in-bool-context]
                 ? ( bool(MayUnrollCompletely) && bool(DstIsAligned) ? int(CompleteUnrolling) : int(NoUnrolling) )
                                                  ^~~~~~~~~~~~~~~~~~
/usr/local/include/eigen3/Eigen/src/Core/Assign.h: In instantiation of ‘struct Eigen::internal::assign_traits<Eigen::Matrix<double, 2, 3>, Eigen::Matrix<double, 2, 3> >’:
/usr/local/include/eigen3/Eigen/src/Core/Assign.h:506:64:   required from ‘Derived& Eigen::DenseBase<Derived>::lazyAssign(const Eigen::DenseBase<OtherDerived>&) [with OtherDerived = Eigen::Matrix<double, 2, 3>; Derived = Eigen::Matrix<double, 2, 3>]’
/usr/local/include/eigen3/Eigen/src/Core/PlainObjectBase.h:414:30:   required from ‘Derived& Eigen::PlainObjectBase<Derived>::lazyAssign(const Eigen::DenseBase<OtherDerived>&) [with OtherDerived = Eigen::Matrix<double, 2, 3>; Derived = Eigen::Matrix<double, 2, 3>]’
/usr/local/include/eigen3/Eigen/src/Core/Assign.h:527:123:   required from ‘static Derived& Eigen::internal::assign_selector<Derived, OtherDerived, false, false>::run(Derived&, const OtherDerived&) [with Derived = Eigen::Matrix<double, 2, 3>; OtherDerived = Eigen::Matrix<double, 2, 3>]’
/usr/local/include/eigen3/Eigen/src/Core/PlainObjectBase.h:653:72:   required from ‘Derived& Eigen::PlainObjectBase<Derived>::_set_noalias(const Eigen::DenseBase<OtherDerived>&) [with OtherDerived = Eigen::Matrix<double, 2, 3>; Derived = Eigen::Matrix<double, 2, 3>]’
/usr/local/include/eigen3/Eigen/src/Core/Matrix.h:220:27:   required from ‘Eigen::Matrix<_Scalar, _Rows, _Cols, _Options, _MaxRows, _MaxCols>::Matrix(Eigen::Matrix<_Scalar, _Rows, _Cols, _Options, _MaxRows, _MaxCols>&&) [with _Scalar = double; int _Rows = 2; int _Cols = 3; int _Options = 0; int _MaxRows = 2; int _MaxCols = 3]’
/home/kanishk/ros_ws/ORB_SLAM3/src/CameraModels/KannalaBrandt8.cpp:188:16:   required from here
/usr/local/include/eigen3/Eigen/src/Core/Assign.h:53:57: warning: enum constant in boolean context [-Wint-in-bool-context]
     MayLinearVectorize = MightVectorize && MayLinearize && DstHasDirectAccess
                          ~~~~~~~~~~~~~~~~~~~~~~~~~~~~~~~^~~~~~~~~~~~~~~~~~~~~
/usr/local/include/eigen3/Eigen/src/Core/Assign.h:54:41: warning: enum constant in boolean context [-Wint-in-bool-context]
                        && (DstIsAligned || MaxSizeAtCompileTime == Dynamic),
                           ~~~~~~~~~~~~~~^~~~~~~~~~~~~~~~~~~~~~~~~~~~~~~~~~~
/usr/local/include/eigen3/Eigen/src/Core/Assign.h:57:41: warning: enum constant in boolean context [-Wint-in-bool-context]
     MaySliceVectorize  = MightVectorize && DstHasDirectAccess
                          ~~~~~~~~~~~~~~~^~~~~~~~~~~~~~~~~~~~~
/usr/local/include/eigen3/Eigen/src/Core/Assign.h:96:50: warning: enum constant in boolean context [-Wint-in-bool-context]
                 ? ( bool(MayUnrollCompletely) && bool(DstIsAligned) ? int(CompleteUnrolling) : int(NoUnrolling) )
                                                  ^~~~~~~~~~~~~~~~~~
CMakeFiles/ORB_SLAM3.dir/build.make:590: recipe for target 'CMakeFiles/ORB_SLAM3.dir/src/CameraModels/KannalaBrandt8.cpp.o' failed
make[2]: *** [CMakeFiles/ORB_SLAM3.dir/src/CameraModels/KannalaBrandt8.cpp.o] Error 1
CMakeFiles/Makefile2:289: recipe for target 'CMakeFiles/ORB_SLAM3.dir/all' failed
make[1]: *** [CMakeFiles/ORB_SLAM3.dir/all] Error 2
Makefile:83: recipe for target 'all' failed
make: *** [all] Error 2
